<?xml version="1.0" encoding="UTF-8"?>
<Site BuildName="Linux-g++"
	BuildStamp="20241009-1733-Experimental"
	Name="oliwier-Aspire-AV15-52"
	Generator="ctest-3.22.1"
	CompilerName="/usr/bin/g++"
	CompilerVersion="11.4.0"
	OSName="Linux"
	Hostname="oliwier-Aspire-AV15-52"
	OSRelease="6.8.0-45-generic"
	OSVersion="#45~22.04.1-Ubuntu SMP PREEMPT_DYNAMIC Wed Sep 11 15:25:05 UTC 2"
	OSPlatform="x86_64"
	Is64Bits="1"
	VendorString="GenuineIntel"
	VendorID="Intel Corporation"
	FamilyID="6"
	ModelID="154"
	ProcessorCacheSize="12288"
	NumberOfLogicalCPU="12"
	NumberOfPhysicalCPU="10"
	TotalVirtualMemory="0"
	TotalPhysicalMemory="15697"
	LogicalProcessorsPerPhysical="1"
	ProcessorClockFrequency="1018.89"
	>
	<Testing>
		<StartDateTime>Oct 09 22:17 CEST</StartDateTime>
		<StartTestTime>1728505064</StartTestTime>
		<TestList/>
		<EndDateTime>Oct 09 22:17 CEST</EndDateTime>
		<EndTestTime>1728505064</EndTestTime>
		<ElapsedMinutes>0</ElapsedMinutes>
	</Testing>
</Site>
